<?xml version="1.0" encoding="UTF-8"?>
<testng-results ignored="0" total="2" passed="2" failed="0" skipped="0">
  <reporter-output>
  </reporter-output>
  <suite started-at="2022-01-04T14:25:55 IST" name="Default suite" finished-at="2022-01-04T14:26:07 IST" duration-ms="11201">
    <groups>
    </groups>
    <test started-at="2022-01-04T14:25:55 IST" name="Default test" finished-at="2022-01-04T14:26:07 IST" duration-ms="11201">
      <class name="selenium.MasterPart2.HandelWindow">
        <test-method signature="invoke()[pri:0, instance:selenium.MasterPart2.HandelWindow@2f177a4b]" started-at="2022-01-04T14:25:55 IST" name="invoke" finished-at="2022-01-04T14:26:01 IST" duration-ms="5269" status="PASS">
          <reporter-output>
          </reporter-output>
        </test-method> <!-- invoke -->
        <test-method signature="test()[pri:1, instance:selenium.MasterPart2.HandelWindow@2f177a4b]" started-at="2022-01-04T14:26:01 IST" name="test" finished-at="2022-01-04T14:26:07 IST" duration-ms="5787" status="PASS">
          <reporter-output>
          </reporter-output>
        </test-method> <!-- test -->
      </class> <!-- selenium.MasterPart2.HandelWindow -->
    </test> <!-- Default test -->
  </suite> <!-- Default suite -->
</testng-results>
